<?xml version="1.0" encoding="UTF-8"?>
<testsuite name="arraytest" tests="1" skipped="0" failures="0" errors="0" timestamp="2022-12-21T13:27:38" hostname="DESKTOP-K414K2T" time="0.018">
  <properties/>
  <testcase name="qwe()" classname="arraytest" time="0.018"/>
  <system-out><![CDATA[0
1
2
3
4
5
6
7
8
9
]]></system-out>
  <system-err><![CDATA[]]></system-err>
</testsuite>
